  testDeque.cpp
C:\Users\marco\Desktop\232.12.Lab.115\testDeque.h(656,16): warning C4312: 'type cast': conversion from 'unsigned int' to 'Spy **' of greater size
  (compiling source file 'testDeque.cpp')
  
C:\Users\marco\Desktop\232.12.Lab.115\deque.h(129,29): warning C4267: 'return': conversion from 'size_t' to 'int', possible loss of data
  (compiling source file 'testDeque.cpp')
  C:\Users\marco\Desktop\232.12.Lab.115\deque.h(129,29):
  the template instantiation context (the oldest one first) is
  	C:\Users\marco\Desktop\232.12.Lab.115\testDeque.h(132,26):
  	see reference to class template instantiation 'custom::deque<Spy,std::allocator<T>>' being compiled
          with
          [
              T=Spy
          ]
  	C:\Users\marco\Desktop\232.12.Lab.115\deque.h(127,8):
  	while compiling class template member function 'int custom::deque<Spy,std::allocator<T>>::ibFromID(int) const'
          with
          [
              T=Spy
          ]
  		C:\Users\marco\Desktop\232.12.Lab.115\testDeque.h(137,15):
  		see the first reference to 'custom::deque<Spy,std::allocator<T>>::ibFromID' in 'TestDeque::test_ibFromID_4x1'
          with
          [
              T=Spy
          ]
  
C:\Users\marco\Desktop\232.12.Lab.115\deque.h(321,28): warning C4267: 'argument': conversion from 'size_t' to 'int', possible loss of data
  (compiling source file 'testDeque.cpp')
  C:\Users\marco\Desktop\232.12.Lab.115\deque.h(321,28):
  the template instantiation context (the oldest one first) is
  	C:\Users\marco\Desktop\232.12.Lab.115\deque.h(319,1):
  	while compiling class template member function 'void custom::deque<Spy,std::allocator<T>>::push_front(const T &)'
          with
          [
              T=Spy
          ]
  		C:\Users\marco\Desktop\232.12.Lab.115\testDeque.h(1531,19):
  		see the first reference to 'custom::deque<Spy,std::allocator<T>>::push_front' in 'TestDeque::test_pushfront_empty'
          with
          [
              T=Spy
          ]
  
C:\Users\marco\Desktop\232.12.Lab.115\deque.h(323,51): warning C4267: '=': conversion from 'size_t' to 'int', possible loss of data
  (compiling source file 'testDeque.cpp')
  
C:\Users\marco\Desktop\232.12.Lab.115\deque.h(444,51): warning C4552: '+': result of expression not used
  (compiling source file 'testDeque.cpp')
  C:\Users\marco\Desktop\232.12.Lab.115\deque.h(444,51):
  the template instantiation context (the oldest one first) is
  	C:\Users\marco\Desktop\232.12.Lab.115\deque.h(436,1):
  	while compiling class template member function 'void custom::deque<Spy,std::allocator<T>>::reallocate(int)'
          with
          [
              T=Spy
          ]
  		C:\Users\marco\Desktop\232.12.Lab.115\testDeque.h(336,19):
  		see the first reference to 'custom::deque<Spy,std::allocator<T>>::reallocate' in 'TestDeque::test_realloc_emptyToOne'
          with
          [
              T=Spy
          ]
  
C:\Users\marco\Desktop\232.12.Lab.115\deque.h(463,21): warning C4267: 'initializing': conversion from 'size_t' to 'int', possible loss of data
  (compiling source file 'testDeque.cpp')
  
  LabDeque.vcxproj -> C:\Users\marco\Desktop\232.12.Lab.115\x64\Debug\LabDeque.exe
